<?xml version="1.0" encoding="UTF-8"?>
<testng-results skipped="0" failed="0" ignored="0" total="0" passed="0">
  <reporter-output>
  </reporter-output>
  <suite name="GOGO Application test suite" duration-ms="7" started-at="2018-11-25T22:16:58Z" finished-at="2018-11-25T22:16:58Z">
    <groups>
    </groups>
    <test name="GOGO TEST" duration-ms="7" started-at="2018-11-25T22:16:58Z" finished-at="2018-11-25T22:16:58Z">
    </test> <!-- GOGO TEST -->
  </suite> <!-- GOGO Application test suite -->
</testng-results>
